1614619704706	mozrunner::runner	INFO	Running command: "C:\\Program Files\\Mozilla Firefox\\firefox.exe" "-marionette" "-foreground" "-no-remote" "-profile" "C:\\Users\\Preethi\\AppData\\Local\\Temp\\rust_mozprofile2FXubk"
JavaScript error: resource://gre/modules/XULStore.jsm, line 66: Error: Can't find profile directory.
console.warn: SearchSettings: "get: No settings file exists, new profile?" (new Error("", "(unknown module)"))
1614619714598	Marionette	INFO	Listening on port 54589
1614619715117	Marionette	WARN	TLS certificate errors will be ignored for this session
1614619727445	Marionette	WARN	TimedPromise timed out after 500 ms: stacktrace:
TimedPromise/<@chrome://marionette/content/sync.js:231:19
TimedPromise@chrome://marionette/content/sync.js:216:10
interaction.flushEventLoop@chrome://marionette/content/interaction.js:433:10
webdriverClickElement@chrome://marionette/content/interaction.js:179:31
send@https://opensource-demo.orangehrmlive.com/webres_5fee89a90600f2.94309009/js/jquery/jquery-3.4.1.min.js:2:81476
ajax@https://opensource-demo.orangehrmlive.com/webres_5fee89a90600f2.94309009/js/jquery/jquery-3.4.1.min.js:2:77295
k._evalUrl@https://opensource-demo.orangehrmlive.com/webres_5fee89a90600f2.94309009/js/jquery/jquery-3.4.1.min.js:2:79350
Ie@https://opensource-demo.orangehrmlive.com/webres_5fee89a90600f2.94309009/js/jquery/jquery-3.4.1.min.js:2:48088
append@https://opensource-demo.orangehrmlive.com/webres_5fee89a90600f2.94309009/js/jquery/jquery-3.4.1.min.js:2:49520
html/<@https://opensource-demo.orangehrmlive.com/webres_5fee89a90600f2.94309009/js/jquery/jquery-3.4.1.min.js:2:50612
_@https://opensource-demo.orangehrmlive.com/webres_5fee89a90600f2.94309009/js/jquery/jquery-3.4.1.min.js:2:31840
html@https://opensource-demo.orangehrmlive.com/webres_5fee89a90600f2.94309009/js/jquery/jquery-3.4.1.min.js:2:50290
success@https://opensource-demo.orangehrmlive.com/index.php/dashboard:1253:36
c@https://opensource-demo.orangehrmlive.com/webres_5fee89a90600f2.94309009/js/jquery/jquery-3.4.1.min.js:2:27742
fireWith@https://opensource-demo.orangehrmlive.com/webres_5fee89a90600f2.94309009/js/jquery/jquery-3.4.1.min.js:2:28487
l@https://opensource-demo.orangehrmlive.com/webres_5fee89a90600f2.94309009/js/jquery/jquery-3.4.1.min.js:2:78789
o/<@https://opensource-demo.orangehrmlive.com/webres_5fee89a90600f2.94309009/js/jquery/jquery-3.4.1.min.js:2:81117
JavaScript error: resource://activity-stream/lib/PersonalityProvider/PersonalityProvider.jsm, line 84: TypeError: http://%(server)s/dummy/blocklist// is not a valid URL.
console.error: "Failed to fetch undefinedmain-workspace/personality-provider-recipe/e4fb5038-c29e-4954-98a0-72a882e4841f.json: "
console.error: "Failed to fetch undefinedmain-workspace/personality-provider-recipe/e4fb5038-c29e-4954-98a0-72a882e4841f.json: "
console.error: "Failed to fetch undefinedmain-workspace/personality-provider-recipe/e4fb5038-c29e-4954-98a0-72a882e4841f.json: "
console.error: "Failed to fetch undefinedmain-workspace/personality-provider-models/170a56ca-c1bf-4181-9b30-693002f7e245.json: "
console.error: "Failed to fetch undefinedmain-workspace/personality-provider-models/170a56ca-c1bf-4181-9b30-693002f7e245.json: "
console.error: "Failed to fetch undefinedmain-workspace/personality-provider-models/170a56ca-c1bf-4181-9b30-693002f7e245.json: "
console.error: "Failed to fetch undefinedmain-workspace/personality-provider-models/06e44aaa-324b-47ac-b458-72e1bccdf86b.json: "
console.error: "Failed to fetch undefinedmain-workspace/personality-provider-models/06e44aaa-324b-47ac-b458-72e1bccdf86b.json: "
console.error: "Failed to fetch undefinedmain-workspace/personality-provider-models/06e44aaa-324b-47ac-b458-72e1bccdf86b.json: "
console.error: "Failed to fetch undefinedmain-workspace/personality-provider-models/30c71fa2-8842-419c-89db-addd30268f5b.json: "
console.error: "Failed to fetch undefinedmain-workspace/personality-provider-models/30c71fa2-8842-419c-89db-addd30268f5b.json: "
console.error: "Failed to fetch undefinedmain-workspace/personality-provider-models/30c71fa2-8842-419c-89db-addd30268f5b.json: "
console.error: "Failed to fetch undefinedmain-workspace/personality-provider-models/fa731eb2-b049-44bc-a12d-f42f7cea991d.json: "
console.error: "Failed to fetch undefinedmain-workspace/personality-provider-models/fa731eb2-b049-44bc-a12d-f42f7cea991d.json: "
console.error: "Failed to fetch undefinedmain-workspace/personality-provider-models/fa731eb2-b049-44bc-a12d-f42f7cea991d.json: "
console.error: "Failed to fetch undefinedmain-workspace/personality-provider-models/2a0dbd55-2eae-44ea-b787-5379594979ff.json: "
console.error: "Failed to fetch undefinedmain-workspace/personality-provider-models/2a0dbd55-2eae-44ea-b787-5379594979ff.json: "
console.error: "Failed to fetch undefinedmain-workspace/personality-provider-models/2a0dbd55-2eae-44ea-b787-5379594979ff.json: "
console.error: "Failed to fetch undefinedmain-workspace/personality-provider-models/bd6fe48d-f356-4af1-bb7e-4de42b1e6272.json: "
console.error: "Failed to fetch undefinedmain-workspace/personality-provider-models/bd6fe48d-f356-4af1-bb7e-4de42b1e6272.json: "
console.error: "Failed to fetch undefinedmain-workspace/personality-provider-models/bd6fe48d-f356-4af1-bb7e-4de42b1e6272.json: "
console.error: "Failed to fetch undefinedmain-workspace/personality-provider-models/c2485f5d-8bb1-4a45-a752-efffe9cd55c3.json: "
console.error: "Failed to fetch undefinedmain-workspace/personality-provider-models/c2485f5d-8bb1-4a45-a752-efffe9cd55c3.json: "
console.error: "Failed to fetch undefinedmain-workspace/personality-provider-models/c2485f5d-8bb1-4a45-a752-efffe9cd55c3.json: "
console.error: "Failed to fetch undefinedmain-workspace/personality-provider-models/281d6a98-5f8e-4bc4-8bae-72e7e16933ca.json: "
console.error: "Failed to fetch undefinedmain-workspace/personality-provider-models/281d6a98-5f8e-4bc4-8bae-72e7e16933ca.json: "
console.error: "Failed to fetch undefinedmain-workspace/personality-provider-models/281d6a98-5f8e-4bc4-8bae-72e7e16933ca.json: "
console.error: "Failed to fetch undefinedmain-workspace/personality-provider-models/e8645388-afc5-48e3-8f3f-80f82a5353dc.json: "
console.error: "Failed to fetch undefinedmain-workspace/personality-provider-models/e8645388-afc5-48e3-8f3f-80f82a5353dc.json: "
console.error: "Failed to fetch undefinedmain-workspace/personality-provider-models/e8645388-afc5-48e3-8f3f-80f82a5353dc.json: "
console.error: "Failed to fetch undefinedmain-workspace/personality-provider-models/47d2bcee-b6c1-464e-a443-e3527d029b0f.json: "
console.error: "Failed to fetch undefinedmain-workspace/personality-provider-models/47d2bcee-b6c1-464e-a443-e3527d029b0f.json: "
console.error: "Failed to fetch undefinedmain-workspace/personality-provider-models/47d2bcee-b6c1-464e-a443-e3527d029b0f.json: "
console.error: "Failed to fetch undefinedmain-workspace/personality-provider-models/18f03fe5-a60f-48c5-8cb8-13da750ca395.json: "
console.error: "Failed to fetch undefinedmain-workspace/personality-provider-models/18f03fe5-a60f-48c5-8cb8-13da750ca395.json: "
console.error: "Failed to fetch undefinedmain-workspace/personality-provider-models/18f03fe5-a60f-48c5-8cb8-13da750ca395.json: "
console.error: "Failed to fetch undefinedmain-workspace/personality-provider-models/cdd3cdfb-1988-482a-850f-ec02aff07f45.json: "
console.error: "Failed to fetch undefinedmain-workspace/personality-provider-models/cdd3cdfb-1988-482a-850f-ec02aff07f45.json: "
console.error: "Failed to fetch undefinedmain-workspace/personality-provider-models/cdd3cdfb-1988-482a-850f-ec02aff07f45.json: "
console.error: "Failed to fetch undefinedmain-workspace/personality-provider-models/a3944b1a-5464-406f-a97e-691702019575.json: "
console.error: "Failed to fetch undefinedmain-workspace/personality-provider-models/a3944b1a-5464-406f-a97e-691702019575.json: "
console.error: "Failed to fetch undefinedmain-workspace/personality-provider-models/a3944b1a-5464-406f-a97e-691702019575.json: "
console.error: "Failed to fetch undefinedmain-workspace/personality-provider-models/61c97d21-6576-4624-aa8b-37839293aebd.json: "
console.error: "Failed to fetch undefinedmain-workspace/personality-provider-models/61c97d21-6576-4624-aa8b-37839293aebd.json: "
console.error: "Failed to fetch undefinedmain-workspace/personality-provider-models/61c97d21-6576-4624-aa8b-37839293aebd.json: "
console.error: "Failed to fetch undefinedmain-workspace/personality-provider-models/1db0b78b-42f2-44fd-b78c-43f5fc760fa1.json: "
console.error: "Failed to fetch undefinedmain-workspace/personality-provider-models/1db0b78b-42f2-44fd-b78c-43f5fc760fa1.json: "
console.error: "Failed to fetch undefinedmain-workspace/personality-provider-models/1db0b78b-42f2-44fd-b78c-43f5fc760fa1.json: "
console.error: "Failed to fetch undefinedmain-workspace/personality-provider-models/393f4033-c815-48d4-bf23-1eb42b4d30db.json: "
console.error: "Failed to fetch undefinedmain-workspace/personality-provider-models/393f4033-c815-48d4-bf23-1eb42b4d30db.json: "
console.error: "Failed to fetch undefinedmain-workspace/personality-provider-models/393f4033-c815-48d4-bf23-1eb42b4d30db.json: "
console.error: "Failed to fetch undefinedmain-workspace/personality-provider-models/76666027-45db-4baa-8197-6e0f886966a8.json: "
console.error: "Failed to fetch undefinedmain-workspace/personality-provider-models/76666027-45db-4baa-8197-6e0f886966a8.json: "
console.error: "Failed to fetch undefinedmain-workspace/personality-provider-models/76666027-45db-4baa-8197-6e0f886966a8.json: "
console.error: "Failed to fetch undefinedmain-workspace/personality-provider-models/24538f21-45ca-4dab-addb-65f655a688e2.json: "
console.error: "Failed to fetch undefinedmain-workspace/personality-provider-models/24538f21-45ca-4dab-addb-65f655a688e2.json: "
console.error: "Failed to fetch undefinedmain-workspace/personality-provider-models/24538f21-45ca-4dab-addb-65f655a688e2.json: "
console.error: "Failed to fetch undefinedmain-workspace/personality-provider-models/ad749af2-93d7-4bf3-982f-a558175fd806.json: "
console.error: "Failed to fetch undefinedmain-workspace/personality-provider-models/ad749af2-93d7-4bf3-982f-a558175fd806.json: "
console.error: "Failed to fetch undefinedmain-workspace/personality-provider-models/ad749af2-93d7-4bf3-982f-a558175fd806.json: "
console.error: "Failed to fetch undefinedmain-workspace/personality-provider-models/f477331d-33dc-4dfe-be46-88d5223fb439.json: "
console.error: "Failed to fetch undefinedmain-workspace/personality-provider-models/f477331d-33dc-4dfe-be46-88d5223fb439.json: "
console.error: "Failed to fetch undefinedmain-workspace/personality-provider-models/f477331d-33dc-4dfe-be46-88d5223fb439.json: "
console.error: "Failed to fetch undefinedmain-workspace/personality-provider-models/8267a2cc-0984-4410-87db-c02530703a98.json: "
console.error: "Failed to fetch undefinedmain-workspace/personality-provider-models/8267a2cc-0984-4410-87db-c02530703a98.json: "
console.error: "Failed to fetch undefinedmain-workspace/personality-provider-models/8267a2cc-0984-4410-87db-c02530703a98.json: "
console.error: "Failed to fetch undefinedmain-workspace/personality-provider-models/3fcbb458-7362-47bb-a426-6b542eb2f014.json: "
console.error: "Failed to fetch undefinedmain-workspace/personality-provider-models/3fcbb458-7362-47bb-a426-6b542eb2f014.json: "
console.error: "Failed to fetch undefinedmain-workspace/personality-provider-models/3fcbb458-7362-47bb-a426-6b542eb2f014.json: "
console.error: "Failed to fetch undefinedmain-workspace/personality-provider-models/5d011771-de98-48f3-8565-7fc1ef6439c3.json: "
console.error: "Failed to fetch undefinedmain-workspace/personality-provider-models/5d011771-de98-48f3-8565-7fc1ef6439c3.json: "
console.error: "Failed to fetch undefinedmain-workspace/personality-provider-models/5d011771-de98-48f3-8565-7fc1ef6439c3.json: "
console.error: "Failed to fetch undefinedmain-workspace/personality-provider-models/145b9461-d6cc-4341-8d96-ec3bacace059.json: "
console.error: "Failed to fetch undefinedmain-workspace/personality-provider-models/145b9461-d6cc-4341-8d96-ec3bacace059.json: "
console.error: "Failed to fetch undefinedmain-workspace/personality-provider-models/145b9461-d6cc-4341-8d96-ec3bacace059.json: "
console.error: "Failed to fetch undefinedmain-workspace/personality-provider-models/0685a1b5-34eb-4c13-8c90-bc82735e527f.json: "
console.error: "Failed to fetch undefinedmain-workspace/personality-provider-models/0685a1b5-34eb-4c13-8c90-bc82735e527f.json: "
console.error: "Failed to fetch undefinedmain-workspace/personality-provider-models/0685a1b5-34eb-4c13-8c90-bc82735e527f.json: "
1614621196476	Marionette	INFO	Stopped listening on port 54589

###!!! [Child][RunMessage] Error: Channel closing: too late to send/recv, messages will be lost

