1614621639100	mozrunner::runner	INFO	Running command: "C:\\Program Files\\Mozilla Firefox\\firefox.exe" "-marionette" "-foreground" "-no-remote" "-profile" "C:\\Users\\Preethi\\AppData\\Local\\Temp\\rust_mozprofilePax6dP"
JavaScript error: resource://gre/modules/XULStore.jsm, line 66: Error: Can't find profile directory.
console.warn: SearchSettings: "get: No settings file exists, new profile?" (new Error("", "(unknown module)"))
1614621646070	Marionette	INFO	Listening on port 55027
1614621646650	Marionette	WARN	TLS certificate errors will be ignored for this session
1614621659283	Marionette	WARN	TimedPromise timed out after 500 ms: stacktrace:
TimedPromise/<@chrome://marionette/content/sync.js:231:19
TimedPromise@chrome://marionette/content/sync.js:216:10
interaction.flushEventLoop@chrome://marionette/content/interaction.js:433:10
webdriverClickElement@chrome://marionette/content/interaction.js:179:31
send@https://opensource-demo.orangehrmlive.com/webres_5fee89a90600f2.94309009/js/jquery/jquery-3.4.1.min.js:2:81476
ajax@https://opensource-demo.orangehrmlive.com/webres_5fee89a90600f2.94309009/js/jquery/jquery-3.4.1.min.js:2:77295
k._evalUrl@https://opensource-demo.orangehrmlive.com/webres_5fee89a90600f2.94309009/js/jquery/jquery-3.4.1.min.js:2:79350
Ie@https://opensource-demo.orangehrmlive.com/webres_5fee89a90600f2.94309009/js/jquery/jquery-3.4.1.min.js:2:48088
append@https://opensource-demo.orangehrmlive.com/webres_5fee89a90600f2.94309009/js/jquery/jquery-3.4.1.min.js:2:49520
html/<@https://opensource-demo.orangehrmlive.com/webres_5fee89a90600f2.94309009/js/jquery/jquery-3.4.1.min.js:2:50612
_@https://opensource-demo.orangehrmlive.com/webres_5fee89a90600f2.94309009/js/jquery/jquery-3.4.1.min.js:2:31840
html@https://opensource-demo.orangehrmlive.com/webres_5fee89a90600f2.94309009/js/jquery/jquery-3.4.1.min.js:2:50290
success@https://opensource-demo.orangehrmlive.com/index.php/dashboard:1253:36
c@https://opensource-demo.orangehrmlive.com/webres_5fee89a90600f2.94309009/js/jquery/jquery-3.4.1.min.js:2:27742
fireWith@https://opensource-demo.orangehrmlive.com/webres_5fee89a90600f2.94309009/js/jquery/jquery-3.4.1.min.js:2:28487
l@https://opensource-demo.orangehrmlive.com/webres_5fee89a90600f2.94309009/js/jquery/jquery-3.4.1.min.js:2:78789
o/<@https://opensource-demo.orangehrmlive.com/webres_5fee89a90600f2.94309009/js/jquery/jquery-3.4.1.min.js:2:81117
JavaScript error: resource://activity-stream/lib/PersonalityProvider/PersonalityProvider.jsm, line 84: TypeError: http://%(server)s/dummy/blocklist// is not a valid URL.
JavaScript error: resource://activity-stream/lib/PersonalityProvider/PersonalityProvider.jsm, line 84: TypeError: http://%(server)s/dummy/blocklist// is not a valid URL.
JavaScript error: resource://activity-stream/lib/ASRouter.jsm, line 988: NS_ERROR_ILLEGAL_VALUE: Component returned failure code: 0x80070057 (NS_ERROR_ILLEGAL_VALUE) [nsIObserverService.removeObserver]
WARNING: At least one completion condition is taking too long to complete. Conditions: [{"name":"CrashMonitor: Writing notifications to file after receiving profile-before-change","state":"(none)","filename":"resource://gre/modules/CrashMonitor.jsm","lineNumber":176,"stack":["resource://gre/modules/CrashMonitor.jsm:init:176","resource://gre/modules/nsCrashMonitor.jsm:observe:19"]}] Barrier: OS.File: Waiting for clients before profileBeforeChange
WARNING: At least one completion condition is taking too long to complete. Conditions: [{"name":"OS.File: flush I/O queued before profileBeforeChange","state":{"launched":true,"shutdown":false,"worker":true,"pendingReset":false,"latestSent":["Tue Mar 02 2021 10:38:55 GMT+0530 (India Standard Time)","DirectoryIterator_prototype_close"],"latestReceived":["Tue Mar 02 2021 10:38:55 GMT+0530 (India Standard Time)",null],"messagesSent":136,"messagesReceived":136,"messagesQueued":136,"DEBUG":false,"clients":[{"name":"CrashMonitor: Writing notifications to file after receiving profile-before-change","state":"(none)","filename":"resource://gre/modules/CrashMonitor.jsm","lineNumber":176,"stack":["resource://gre/modules/CrashMonitor.jsm:init:176","resource://gre/modules/nsCrashMonitor.jsm:observe:19"]}]},"filename":"resource://gre/modules/osfile/osfile_async_front.jsm","lineNumber":1652,"stack":["resource://gre/modules/osfile/osfile_async_front.jsm:setupShutdown:1652","resource://gre/modules/osfile/osfile_async_front.jsm:null:1672","resource://gre/modules/osfile.jsm:null:11","resource://gre/modules/UpdateUtils.jsm:null:17","resource://gre/modules/GMPUtils.jsm:null:19","resource://gre/modules/addons/GMPProvider.jsm:null:19","resource://gre/modules/AddonManager.jsm:startup:789","resource://gre/modules/AddonManager.jsm:startup:3530","resource://gre/modules/addonManager.js:observe:87"]},{"name":"Places Connection shutdown","state":{"PlacesShutdownProgress":5},"filename":"/builds/worker/checkouts/gecko/toolkit/components/places/Database.cpp","lineNumber":476,"stack":["resource://gre/modules/nsAsyncShutdown.jsm:addBlocker:162","resource://gre/modules/PlacesUtils.jsm:null:1934","resource://gre/modules/XPCOMUtils.jsm:get:58","resource://gre/modules/PageThumbs.jsm:PageThumbs_init:116","resource:///modules/BrowserGlue.jsm:BG__onFirstWindowLoaded:1835","resource:///modules/BrowserGlue.jsm:BG_observe:995","chrome://browser/content/browser.js:_delayedStartup:2142"]}] Barrier: profile-before-change
console.error: (new Error("SessionFile is closed", "resource:///modules/sessionstore/SessionFile.jsm", 433))
1614661742393	Marionette	INFO	Stopped listening on port 55027

###!!! [Child][RunMessage] Error: Channel closing: too late to send/recv, messages will be lost

